<?xml version="1.0" encoding="UTF-8"?>
<Site BuildName="Linux-g++"
	BuildStamp="20240307-0231-Experimental"
	Name="sebastian-VirtualBox"
	Generator="ctest-3.22.1"
	CompilerName="/usr/bin/g++"
	CompilerVersion="11.4.0"
	OSName="Linux"
	Hostname="sebastian-VirtualBox"
	OSRelease="6.5.0-21-generic"
	OSVersion="#21~22.04.1-Ubuntu SMP PREEMPT_DYNAMIC Fri Feb  9 13:32:52 UTC 2"
	OSPlatform="x86_64"
	Is64Bits="1"
	VendorString="AuthenticAMD"
	VendorID="Advanced Micro Devices"
	FamilyID="25"
	ModelID="80"
	ProcessorCacheSize="512"
	NumberOfLogicalCPU="5"
	NumberOfPhysicalCPU="5"
	TotalVirtualMemory="2047"
	TotalPhysicalMemory="7742"
	LogicalProcessorsPerPhysical="1"
	ProcessorClockFrequency="3193.92"
	>
	<Testing>
		<StartDateTime>Mar 07 09:36 -03</StartDateTime>
		<StartTestTime>1709814962</StartTestTime>
		<TestList/>
		<EndDateTime>Mar 07 09:36 -03</EndDateTime>
		<EndTestTime>1709814962</EndTestTime>
		<ElapsedMinutes>0</ElapsedMinutes>
	</Testing>
</Site>
